2025-10-03 13:38:46,473 - INFO - Data Ingestion Pipeline started...
2025-10-03 13:38:48,550 - INFO - Database connection is now established. So don't screw this up this timepunk!
2025-10-03 13:38:48,550 - ERROR - Hey dipshit! You got an error: name 'pd' is not defined
2025-10-03 13:38:48,550 - INFO - Error while data ingestion pipeline Error in C:\Projects\Titanic-MLOps\src\data_ingestion.py, line 43: {NameError("name 'pd' is not defined")}
2025-10-03 13:40:58,343 - INFO - Data Ingestion Pipeline started...
2025-10-03 13:41:00,429 - INFO - Database connection is now established. So don't screw this up this timepunk!
2025-10-03 13:41:00,787 - INFO - Data extracted from DB
2025-10-03 13:41:00,798 - INFO - Data splitting and saving done idiot...
2025-10-03 13:41:00,798 - INFO - End of data ingestion poopline.
2025-10-03 14:10:41,086 - INFO - Data Ingestion Pipeline started...
2025-10-03 14:10:43,168 - INFO - Database connection is now established. So don't screw this up this time punk!
2025-10-03 14:10:43,282 - ERROR - Hey dipshit! You got an error: Execution failed on sql 'SELECT * FROM public.titanic ORDER BY passenger_id': column "passenger_id" does not exist
LINE 1: SELECT * FROM public.titanic ORDER BY passenger_id
                                              ^
HINT:  Perhaps you meant to reference the column "titanic.PassengerId".

2025-10-03 14:10:43,282 - ERROR - Error while data ingestion pipeline Error in C:\Projects\Titanic-MLOps\src\data_ingestion.py, line 46: Execution failed on sql 'SELECT * FROM public.titanic ORDER BY passenger_id': column "passenger_id" does not exist
LINE 1: SELECT * FROM public.titanic ORDER BY passenger_id
                                              ^
HINT:  Perhaps you meant to reference the column "titanic.PassengerId".

2025-10-03 14:13:29,113 - INFO - Data Ingestion Pipeline started...
2025-10-03 14:13:31,198 - INFO - Database connection is now established. So don't screw this up this time punk!
2025-10-03 14:13:31,330 - INFO - Data extracted from DB: 891 rows, 12 columns
2025-10-03 14:13:31,330 - INFO - Columns: ['PassengerId', 'Survived', 'Pclass', 'Name', 'Sex', 'Age', 'SibSp', 'Parch', 'Ticket', 'Fare', 'Cabin', 'Embarked']
2025-10-03 14:13:31,340 - INFO - ML features selected: ['Pclass', 'Sex_encoded', 'Age', 'SibSp', 'Parch', 'Fare', 'Embarked_encoded', 'Survived']
2025-10-03 14:13:31,341 - INFO - Data preprocessing completed
2025-10-03 14:13:31,363 - INFO - Raw data saved - Train: 712 rows, Test: 179 rows
2025-10-03 14:13:31,363 - INFO - Raw columns: ['PassengerId', 'Survived', 'Pclass', 'Name', 'Sex', 'Age', 'SibSp', 'Parch', 'Ticket', 'Fare', 'Cabin', 'Embarked']
2025-10-03 14:13:31,363 - INFO - Processed data saved - Train: 712 rows, Test: 179 rows
2025-10-03 14:13:31,363 - INFO - Processed columns: ['Pclass', 'Sex_encoded', 'Age', 'SibSp', 'Parch', 'Fare', 'Embarked_encoded', 'Survived']
2025-10-03 14:13:31,363 - INFO - Data splitting and saving done idiot...
2025-10-03 14:13:31,363 - INFO - End of data ingestion poopline.
